<?xml version="1.0" encoding="UTF-8"?>
<!-- Generated by org.testng.reporters.JUnitXMLReporter -->
<testsuite hostname="DESKTOP-081URFE" ignored="32" name="BusinessEnvironment " tests="46" failures="3" timestamp="18 八月 2020 03:32:00 GMT" time="337.856" errors="0">
  <testcase name="loginTest1" time="2.54" classname="com.testng.testcase.testLogin"/>
  <testcase name="test0WordAttest" time="5.891" classname="com.testng.testcase.testOneDateAttest"/>
  <testcase name="test1SearchWorldName" time="0.28" classname="com.testng.testcase.testOneDateAttest"/>
  <testcase name="test2PngAttest" time="5.698" classname="com.testng.testcase.testOneDateAttest"/>
  <testcase name="test3SearchPngName" time="0.253" classname="com.testng.testcase.testOneDateAttest"/>
  <testcase name="test4YinPinAttest" time="5.477" classname="com.testng.testcase.testOneDateAttest"/>
  <testcase name="test5YinPinSearchName" time="0.245" classname="com.testng.testcase.testOneDateAttest"/>
  <testcase name="test6VideoAttest" time="5.5" classname="com.testng.testcase.testOneDateAttest"/>
  <testcase name="test7SearchVideoName" time="0.292" classname="com.testng.testcase.testOneDateAttest"/>
  <testcase name="test8OtherAttest" time="5.472" classname="com.testng.testcase.testOneDateAttest"/>
  <testcase name="test9SearchPngName" time="2.298" classname="com.testng.testcase.testOneDateAttest"/>
  <testcase name="test1TypeSelect" time="4.728" classname="com.testng.testcase.testTwoDataAttest"/>
  <testcase name="test2TypeSelect" time="2.205" classname="com.testng.testcase.testTwoDataAttest"/>
  <testcase name="test3TypeSelect" time="2.207" classname="com.testng.testcase.testTwoDataAttest"/>
  <testcase name="test4TypeSelect" time="2.201" classname="com.testng.testcase.testTwoDataAttest"/>
  <testcase name="test5TypeSelect" time="2.823" classname="com.testng.testcase.testTwoDataAttest"/>
  <testcase name="test1TimeScopeSearch" time="5.861" classname="com.testng.testcase.testThreeDateAttest"/>
  <testcase name="test2TimeScopeSearch" time="6.526" classname="com.testng.testcase.testThreeDateAttest"/>
  <testcase name="test3TimeScopeSearch" time="6.459" classname="com.testng.testcase.testThreeDateAttest"/>
  <testcase name="test4TimeScopeSearch" time="6.455" classname="com.testng.testcase.testThreeDateAttest"/>
  <testcase name="test5ViewDetails" time="9.783" classname="com.testng.testcase.testThreeDateAttest"/>
  <testcase name="test6DeleteData" time="6.084" classname="com.testng.testcase.testThreeDateAttest"/>
  <testcase name="test1BatchAttest" time="10.456" classname="com.testng.testcase.testFourDateAttest"/>
  <testcase name="test3InformationVerification" time="0.581" classname="com.testng.testcase.testFourDateAttest"/>
  <testcase name="test4DeleteDatas" time="3.483" classname="com.testng.testcase.testFourDateAttest"/>
  <testcase name="test5UpdateDataAttest" time="5.93" classname="com.testng.testcase.testFourDateAttest"/>
  <testcase name="test6PageData" time="1.844" classname="com.testng.testcase.testFourDateAttest"/>
  <testcase name="test1CancelProcessEvidence" time="16.012" classname="com.testng.testcase.testOneProcessEvidence"/>
  <testcase name="test2AddProcessEvidence" time="24.715" classname="com.testng.testcase.testOneProcessEvidence"/>
  <testcase name="test3CancelQueueProcessEvidence" time="14.268" classname="com.testng.testcase.testOneProcessEvidence"/>
  <testcase name="test4ProcessEvidenceDetails" time="125.538" classname="com.testng.testcase.testOneProcessEvidence"/>
  <testcase name="test5DownloadProcessEnvidence" time="13.977" classname="com.testng.testcase.testOneProcessEvidence"/>
  <testcase name="test1TimeSearchData" time="2.8" classname="com.testng.testcase.testTwoProcessEvidence"/>
  <testcase name="test2TimeSearchData" time="2.001" classname="com.testng.testcase.testTwoProcessEvidence"/>
  <testcase name="test3TimeSearchData" time="2.133" classname="com.testng.testcase.testTwoProcessEvidence"/>
  <testcase name="test4TimeSearchData" time="1.916" classname="com.testng.testcase.testTwoProcessEvidence"/>
  <testcase name="test5NameSearchData" time="0.906" classname="com.testng.testcase.testTwoProcessEvidence"/>
  <testcase name="test1SelectSearch" time="1.677" classname="com.testng.testcase.testThreeProcessEvidence"/>
  <testcase name="test2SelectSearch" time="1.338" classname="com.testng.testcase.testThreeProcessEvidence"/>
  <testcase name="test3SelectSearch" time="1.348" classname="com.testng.testcase.testThreeProcessEvidence"/>
  <testcase name="test4SelectSearch" time="1.34" classname="com.testng.testcase.testThreeProcessEvidence"/>
  <testcase name="test5SelectSearch" time="1.44" classname="com.testng.testcase.testThreeProcessEvidence"/>
  <testcase name="test6SelectSearch" time="1.347" classname="com.testng.testcase.testThreeProcessEvidence"/>
  <testcase name="test7SelectSearch" time="11.795" classname="com.testng.testcase.testThreeProcessEvidence">
    <failure type="java.lang.AssertionError" message="expected [共 2 条] but found [共 1 条]">
      <![CDATA[java.lang.AssertionError: expected [共 2 条] but found [共 1 条]
at com.testng.testcase.testThreeProcessEvidence.test7SelectSearch(testThreeProcessEvidence.java:210)
... Removed 30 stack frames]]>
    </failure>
  </testcase> <!-- test7SelectSearch -->
  <testcase name="test1SelectSearch" time="0.948" classname="com.testng.testcase.testFourProcessEvidence">
    <failure type="java.lang.AssertionError" message="expected [共 1 条] but found [null]">
      <![CDATA[java.lang.AssertionError: expected [共 1 条] but found [null]
at com.testng.testcase.testFourProcessEvidence.test1SelectSearch(testFourProcessEvidence.java:52)
... Removed 30 stack frames]]>
    </failure>
  </testcase> <!-- test1SelectSearch -->
  <testcase name="test2SelectSearch" time="0.724" classname="com.testng.testcase.testFourProcessEvidence">
    <failure type="java.lang.AssertionError" message="expected [共 1 条] but found [null]">
      <![CDATA[java.lang.AssertionError: expected [共 1 条] but found [null]
at com.testng.testcase.testFourProcessEvidence.test2SelectSearch(testFourProcessEvidence.java:84)
... Removed 30 stack frames]]>
    </failure>
  </testcase> <!-- test2SelectSearch -->
  <testcase name="@AfterSuite endDriver" time="0.0" classname="com.common.UiBase">
    <ignored/>
  </testcase> <!-- @AfterSuite endDriver -->
  <testcase name="@AfterSuite endDriver" time="0.0" classname="com.common.UiBase">
    <ignored/>
  </testcase> <!-- @AfterSuite endDriver -->
  <testcase name="@AfterSuite endDriver" time="0.0" classname="com.common.UiBase">
    <ignored/>
  </testcase> <!-- @AfterSuite endDriver -->
  <testcase name="@AfterSuite endDriver" time="0.0" classname="com.common.UiBase">
    <ignored/>
  </testcase> <!-- @AfterSuite endDriver -->
  <testcase name="@AfterSuite endDriver" time="0.0" classname="com.common.UiBase">
    <ignored/>
  </testcase> <!-- @AfterSuite endDriver -->
  <testcase name="@AfterSuite endDriver" time="0.0" classname="com.common.UiBase">
    <ignored/>
  </testcase> <!-- @AfterSuite endDriver -->
  <testcase name="@AfterSuite endDriver" time="0.0" classname="com.common.UiBase">
    <ignored/>
  </testcase> <!-- @AfterSuite endDriver -->
  <testcase name="@AfterSuite endDriver" time="0.0" classname="com.common.UiBase">
    <ignored/>
  </testcase> <!-- @AfterSuite endDriver -->
  <testcase name="@BeforeSuite ClearData" time="0.0" classname="com.common.UiBase">
    <ignored/>
  </testcase> <!-- @BeforeSuite ClearData -->
  <testcase name="@BeforeSuite ClearData" time="0.0" classname="com.common.UiBase">
    <ignored/>
  </testcase> <!-- @BeforeSuite ClearData -->
  <testcase name="@BeforeSuite ClearData" time="0.0" classname="com.common.UiBase">
    <ignored/>
  </testcase> <!-- @BeforeSuite ClearData -->
  <testcase name="@BeforeSuite ClearData" time="0.0" classname="com.common.UiBase">
    <ignored/>
  </testcase> <!-- @BeforeSuite ClearData -->
  <testcase name="@BeforeSuite ClearData" time="0.0" classname="com.common.UiBase">
    <ignored/>
  </testcase> <!-- @BeforeSuite ClearData -->
  <testcase name="@BeforeSuite ClearData" time="0.0" classname="com.common.UiBase">
    <ignored/>
  </testcase> <!-- @BeforeSuite ClearData -->
  <testcase name="@BeforeSuite ClearData" time="0.0" classname="com.common.UiBase">
    <ignored/>
  </testcase> <!-- @BeforeSuite ClearData -->
  <testcase name="@BeforeSuite ClearData" time="0.0" classname="com.common.UiBase">
    <ignored/>
  </testcase> <!-- @BeforeSuite ClearData -->
  <testcase name="@AfterSuite ClearDownLoadFiles" time="0.0" classname="com.common.UiBase">
    <ignored/>
  </testcase> <!-- @AfterSuite ClearDownLoadFiles -->
  <testcase name="@AfterSuite ClearDownLoadFiles" time="0.0" classname="com.common.UiBase">
    <ignored/>
  </testcase> <!-- @AfterSuite ClearDownLoadFiles -->
  <testcase name="@AfterSuite ClearDownLoadFiles" time="0.0" classname="com.common.UiBase">
    <ignored/>
  </testcase> <!-- @AfterSuite ClearDownLoadFiles -->
  <testcase name="@AfterSuite ClearDownLoadFiles" time="0.0" classname="com.common.UiBase">
    <ignored/>
  </testcase> <!-- @AfterSuite ClearDownLoadFiles -->
  <testcase name="@AfterSuite ClearDownLoadFiles" time="0.0" classname="com.common.UiBase">
    <ignored/>
  </testcase> <!-- @AfterSuite ClearDownLoadFiles -->
  <testcase name="@AfterSuite ClearDownLoadFiles" time="0.0" classname="com.common.UiBase">
    <ignored/>
  </testcase> <!-- @AfterSuite ClearDownLoadFiles -->
  <testcase name="@AfterSuite ClearDownLoadFiles" time="0.0" classname="com.common.UiBase">
    <ignored/>
  </testcase> <!-- @AfterSuite ClearDownLoadFiles -->
  <testcase name="@AfterSuite ClearDownLoadFiles" time="0.0" classname="com.common.UiBase">
    <ignored/>
  </testcase> <!-- @AfterSuite ClearDownLoadFiles -->
  <testcase name="@BeforeSuite startDriver" time="0.0" classname="com.common.UiBase">
    <ignored/>
  </testcase> <!-- @BeforeSuite startDriver -->
  <testcase name="@BeforeSuite startDriver" time="0.0" classname="com.common.UiBase">
    <ignored/>
  </testcase> <!-- @BeforeSuite startDriver -->
  <testcase name="@BeforeSuite startDriver" time="0.0" classname="com.common.UiBase">
    <ignored/>
  </testcase> <!-- @BeforeSuite startDriver -->
  <testcase name="@BeforeSuite startDriver" time="0.0" classname="com.common.UiBase">
    <ignored/>
  </testcase> <!-- @BeforeSuite startDriver -->
  <testcase name="@BeforeSuite startDriver" time="0.0" classname="com.common.UiBase">
    <ignored/>
  </testcase> <!-- @BeforeSuite startDriver -->
  <testcase name="@BeforeSuite startDriver" time="0.0" classname="com.common.UiBase">
    <ignored/>
  </testcase> <!-- @BeforeSuite startDriver -->
  <testcase name="@BeforeSuite startDriver" time="0.0" classname="com.common.UiBase">
    <ignored/>
  </testcase> <!-- @BeforeSuite startDriver -->
  <testcase name="@BeforeSuite startDriver" time="0.0" classname="com.common.UiBase">
    <ignored/>
  </testcase> <!-- @BeforeSuite startDriver -->
</testsuite> <!-- BusinessEnvironment  -->
