<?xml version="1.0" encoding="UTF-8"?>
<!-- Generated by org.testng.reporters.JUnitXMLReporter -->
<testsuite hostname="DESKTOP-081URFE" ignored="6" name="packeage" tests="2" failures="0" timestamp="06 八月 2020 02:43:01 GMT" time="19.016" errors="0">
  <testcase name="loginTest1" time="2.772" classname="com.testng.testcase.testLogin"/>
  <testcase name="test5DownloadProcessEnvidence" time="16.201" classname="com.testng.testcase.testOneProcessEvidence"/>
  <testcase name="test1CancelProcessEvidence" time="0.0" classname="com.testng.testcase.testOneProcessEvidence">
    <ignored/>
  </testcase> <!-- test1CancelProcessEvidence -->
  <testcase name="test2AddProcessEvidence" time="0.0" classname="com.testng.testcase.testOneProcessEvidence">
    <ignored/>
  </testcase> <!-- test2AddProcessEvidence -->
  <testcase name="@BeforeSuite startDriver" time="0.0" classname="com.common.UiBase">
    <ignored/>
  </testcase> <!-- @BeforeSuite startDriver -->
  <testcase name="test3CancelQueueProcessEvidence" time="0.0" classname="com.testng.testcase.testOneProcessEvidence">
    <ignored/>
  </testcase> <!-- test3CancelQueueProcessEvidence -->
  <testcase name="@AfterSuite endDriver" time="0.0" classname="com.common.UiBase">
    <ignored/>
  </testcase> <!-- @AfterSuite endDriver -->
  <testcase name="test4ProcessEvidenceDetails" time="0.0" classname="com.testng.testcase.testOneProcessEvidence">
    <ignored/>
  </testcase> <!-- test4ProcessEvidenceDetails -->
</testsuite> <!-- packeage -->
