<?xml version="1.0" encoding="UTF-8"?>
<!-- Generated by org.testng.reporters.JUnitXMLReporter -->
<testsuite hostname="DESKTOP-081URFE" ignored="6" name="packeage" tests="16" failures="0" timestamp="29 七月 2020 08:27:20 GMT" time="63.095" errors="0">
  <testcase name="loginTest1" time="2.568" classname="com.testng.testcase.testLogin"/>
  <testcase name="test0WordAttest" time="4.337" classname="com.testng.testcase.testOneDateAttest"/>
  <testcase name="test1SearchWorldName" time="0.333" classname="com.testng.testcase.testOneDateAttest"/>
  <testcase name="test2PngAttest" time="3.837" classname="com.testng.testcase.testOneDateAttest"/>
  <testcase name="test3SearchPngName" time="0.289" classname="com.testng.testcase.testOneDateAttest"/>
  <testcase name="test4YinPinAttest" time="4.786" classname="com.testng.testcase.testOneDateAttest"/>
  <testcase name="test5YinPinSearchName" time="0.313" classname="com.testng.testcase.testOneDateAttest"/>
  <testcase name="test6VideoAttest" time="4.49" classname="com.testng.testcase.testOneDateAttest"/>
  <testcase name="test7SearchVideoName" time="0.245" classname="com.testng.testcase.testOneDateAttest"/>
  <testcase name="test8OtherAttest" time="4.342" classname="com.testng.testcase.testOneDateAttest"/>
  <testcase name="test9SearchPngName" time="2.354" classname="com.testng.testcase.testOneDateAttest"/>
  <testcase name="test1TimeScopeSearch" time="7.939" classname="com.testng.testcase.testTwoDateAttest"/>
  <testcase name="test2TimeScopeSearch" time="6.545" classname="com.testng.testcase.testTwoDateAttest"/>
  <testcase name="test3TimeScopeSearch" time="6.534" classname="com.testng.testcase.testTwoDateAttest"/>
  <testcase name="test4TimeScopeSearch" time="6.51" classname="com.testng.testcase.testTwoDateAttest"/>
  <testcase name="test6ViewDetails" time="7.63" classname="com.testng.testcase.testTwoDateAttest"/>
  <testcase name="@BeforeSuite startDriver" time="0.0" classname="com.common.UiBase">
    <ignored/>
  </testcase> <!-- @BeforeSuite startDriver -->
  <testcase name="@BeforeSuite startDriver" time="0.0" classname="com.common.UiBase">
    <ignored/>
  </testcase> <!-- @BeforeSuite startDriver -->
  <testcase name="@AfterSuite endDriver" time="0.0" classname="com.common.UiBase">
    <ignored/>
  </testcase> <!-- @AfterSuite endDriver -->
  <testcase name="@AfterSuite endDriver" time="0.0" classname="com.common.UiBase">
    <ignored/>
  </testcase> <!-- @AfterSuite endDriver -->
  <testcase name="@BeforeSuite ClearData" time="0.0" classname="com.common.UiBase">
    <ignored/>
  </testcase> <!-- @BeforeSuite ClearData -->
  <testcase name="@BeforeSuite ClearData" time="0.0" classname="com.common.UiBase">
    <ignored/>
  </testcase> <!-- @BeforeSuite ClearData -->
</testsuite> <!-- packeage -->
