<?xml version="1.0" encoding="UTF-8"?>
<testsuite name="com.testng.testcase.testFourDateAttest"
           tests="5"
           failures="0"
           errors="0"
           skipped="0"
           time="22.294">
  <properties />
  
  
      <testcase name="test1BatchAttest" time="10.456" />
      <testcase name="test6PageData" time="1.844" />
      <testcase name="test3InformationVerification" time="0.581" />
      <testcase name="test5UpdateDataAttest" time="5.930" />
      <testcase name="test4DeleteDatas" time="3.483" />
  
</testsuite>
