<?xml version="1.0" encoding="UTF-8"?>
<testsuite name="com.testng.testcase.testOneProcessEvidence"
           tests="5"
           failures="0"
           errors="0"
           skipped="0"
           time="194.510">
  <properties />
  
  
      <testcase name="test4ProcessEvidenceDetails" time="125.538" />
      <testcase name="test5DownloadProcessEnvidence" time="13.977" />
      <testcase name="test3CancelQueueProcessEvidence" time="14.268" />
      <testcase name="test2AddProcessEvidence" time="24.715" />
      <testcase name="test1CancelProcessEvidence" time="16.012" />
  
</testsuite>
