<?xml version="1.0" encoding="UTF-8"?>
<testsuite name="com.testng.testcase.testOneProcessEvidence"
           tests="5"
           failures="0"
           errors="0"
           skipped="0"
           time="179.376">
  <properties />
  
  
      <testcase name="test3CancelQueueProcessEvidence" time="14.276" />
      <testcase name="test5DownloadProcessEnvidence" time="13.862" />
      <testcase name="test2AddProcessEvidence" time="34.719" />
      <testcase name="test1CancelProcessEvidence" time="16.070" />
      <testcase name="test4ProcessEvidenceDetails" time="100.449" />
  
</testsuite>
