<?xml version="1.0" encoding="UTF-8"?>
<testsuite name="com.testng.testcase.testOneDateAttest"
           tests="10"
           failures="0"
           errors="0"
           skipped="0"
           time="32.008">
  <properties />
  
  
      <testcase name="test7SearchVideoName" time="0.284" />
      <testcase name="test3SearchPngName" time="0.259" />
      <testcase name="test1SearchWorldName" time="0.285" />
      <testcase name="test6VideoAttest" time="5.547" />
      <testcase name="test4YinPinAttest" time="5.799" />
      <testcase name="test8OtherAttest" time="5.624" />
      <testcase name="test5YinPinSearchName" time="0.251" />
      <testcase name="test0WordAttest" time="5.980" />
      <testcase name="test9SearchPngName" time="2.287" />
      <testcase name="test2PngAttest" time="5.692" />
  
</testsuite>
