<?xml version="1.0" encoding="UTF-8"?>
<testsuite name="com.testng.testcase.testFourDateAttest"
           tests="5"
           failures="0"
           errors="0"
           skipped="0"
           time="23.115">
  <properties />
  
  
      <testcase name="test5UpdateDataAttest" time="5.947" />
      <testcase name="test1BatchAttest" time="11.236" />
      <testcase name="test4DeleteDatas" time="3.376" />
      <testcase name="test6PageData" time="1.874" />
      <testcase name="test3InformationVerification" time="0.682" />
  
</testsuite>
