<?xml version="1.0" encoding="UTF-8"?>
<testsuite name="com.testng.testcase.testTwoDataAttest"
           tests="5"
           failures="0"
           errors="0"
           skipped="0"
           time="14.164">
  <properties />
  
  
      <testcase name="test3TypeSelect" time="2.207" />
      <testcase name="test2TypeSelect" time="2.205" />
      <testcase name="test5TypeSelect" time="2.823" />
      <testcase name="test4TypeSelect" time="2.201" />
      <testcase name="test1TypeSelect" time="4.728" />
  
</testsuite>
