<?xml version="1.0" encoding="UTF-8"?>
<testsuite name="com.testng.testcase.testTwoProcessEvidence"
           tests="5"
           failures="0"
           errors="0"
           skipped="0"
           time="9.158">
  <properties />
  
  
      <testcase name="test1TimeSearchData" time="2.379" />
      <testcase name="test2TimeSearchData" time="2.043" />
      <testcase name="test3TimeSearchData" time="1.927" />
      <testcase name="test5NameSearchData" time="0.916" />
      <testcase name="test4TimeSearchData" time="1.893" />
  
</testsuite>
