<?xml version="1.0" encoding="UTF-8"?>
<testng-results skipped="0" failed="0" ignored="0" total="1" passed="1">
  <reporter-output>
  </reporter-output>
  <suite name="MSP-WebUI-AutoTest" duration-ms="11100" started-at="2020-07-20T08:12:19Z" finished-at="2020-07-20T08:12:30Z">
    <groups>
    </groups>
    <test name="packeage" duration-ms="11100" started-at="2020-07-20T08:12:19Z" finished-at="2020-07-20T08:12:30Z">
      <class name="com.testng.testcase.testLogin">
        <test-method status="PASS" signature="ClearData()[pri:0, instance:com.testng.testcase.testLogin@16267862]" name="ClearData" is-config="true" duration-ms="2614" started-at="2020-07-20T08:12:19Z" finished-at="2020-07-20T08:12:22Z">
          <reporter-output>
          </reporter-output>
        </test-method> <!-- ClearData -->
        <test-method status="PASS" signature="startDriver()[pri:0, instance:com.testng.testcase.testLogin@16267862]" name="startDriver" is-config="true" duration-ms="7069" started-at="2020-07-20T08:12:22Z" finished-at="2020-07-20T08:12:29Z">
          <reporter-output>
          </reporter-output>
        </test-method> <!-- startDriver -->
        <test-method status="PASS" signature="loginTest1()[pri:0, instance:com.testng.testcase.testLogin@16267862]" name="loginTest1" duration-ms="773" started-at="2020-07-20T08:12:29Z" finished-at="2020-07-20T08:12:30Z">
          <reporter-output>
          </reporter-output>
        </test-method> <!-- loginTest1 -->
        <test-method status="PASS" signature="endDriver()[pri:0, instance:com.testng.testcase.testLogin@16267862]" name="endDriver" is-config="true" duration-ms="633" started-at="2020-07-20T08:12:30Z" finished-at="2020-07-20T08:12:30Z">
          <reporter-output>
          </reporter-output>
        </test-method> <!-- endDriver -->
      </class> <!-- com.testng.testcase.testLogin -->
    </test> <!-- packeage -->
  </suite> <!-- MSP-WebUI-AutoTest -->
</testng-results>
