<?xml version="1.0" encoding="UTF-8"?>
<testng-results skipped="0" failed="3" ignored="32" total="78" passed="43">
  <reporter-output>
  </reporter-output>
  <suite name="ZhiShiChanQuanPingTai" duration-ms="337856" started-at="2020-08-18T03:26:22Z" finished-at="2020-08-18T03:32:00Z">
    <groups>
    </groups>
    <test name="BusinessEnvironment " duration-ms="337856" started-at="2020-08-18T03:26:22Z" finished-at="2020-08-18T03:32:00Z">
      <class name="com.testng.testcase.testOneDateAttest">
        <test-method status="PASS" signature="test0WordAttest()[pri:0, instance:com.testng.testcase.testOneDateAttest@15d9bc04]" name="test0WordAttest" duration-ms="5891" started-at="2020-08-18T03:26:24Z" finished-at="2020-08-18T03:26:30Z">
          <reporter-output>
          </reporter-output>
        </test-method> <!-- test0WordAttest -->
        <test-method status="PASS" signature="test1SearchWorldName()[pri:0, instance:com.testng.testcase.testOneDateAttest@15d9bc04]" name="test1SearchWorldName" duration-ms="280" started-at="2020-08-18T03:26:30Z" finished-at="2020-08-18T03:26:31Z">
          <reporter-output>
          </reporter-output>
        </test-method> <!-- test1SearchWorldName -->
        <test-method status="PASS" signature="test2PngAttest()[pri:0, instance:com.testng.testcase.testOneDateAttest@15d9bc04]" name="test2PngAttest" duration-ms="5698" started-at="2020-08-18T03:26:31Z" finished-at="2020-08-18T03:26:36Z">
          <reporter-output>
          </reporter-output>
        </test-method> <!-- test2PngAttest -->
        <test-method status="PASS" signature="test3SearchPngName()[pri:0, instance:com.testng.testcase.testOneDateAttest@15d9bc04]" name="test3SearchPngName" duration-ms="253" started-at="2020-08-18T03:26:36Z" finished-at="2020-08-18T03:26:36Z">
          <reporter-output>
          </reporter-output>
        </test-method> <!-- test3SearchPngName -->
        <test-method status="PASS" signature="test4YinPinAttest()[pri:0, instance:com.testng.testcase.testOneDateAttest@15d9bc04]" name="test4YinPinAttest" duration-ms="5477" started-at="2020-08-18T03:26:36Z" finished-at="2020-08-18T03:26:42Z">
          <reporter-output>
          </reporter-output>
        </test-method> <!-- test4YinPinAttest -->
        <test-method status="PASS" signature="test5YinPinSearchName()[pri:0, instance:com.testng.testcase.testOneDateAttest@15d9bc04]" name="test5YinPinSearchName" duration-ms="245" started-at="2020-08-18T03:26:42Z" finished-at="2020-08-18T03:26:42Z">
          <reporter-output>
          </reporter-output>
        </test-method> <!-- test5YinPinSearchName -->
        <test-method status="PASS" signature="test6VideoAttest()[pri:0, instance:com.testng.testcase.testOneDateAttest@15d9bc04]" name="test6VideoAttest" duration-ms="5500" started-at="2020-08-18T03:26:42Z" finished-at="2020-08-18T03:26:48Z">
          <reporter-output>
          </reporter-output>
        </test-method> <!-- test6VideoAttest -->
        <test-method status="PASS" signature="test7SearchVideoName()[pri:0, instance:com.testng.testcase.testOneDateAttest@15d9bc04]" name="test7SearchVideoName" duration-ms="292" started-at="2020-08-18T03:26:48Z" finished-at="2020-08-18T03:26:48Z">
          <reporter-output>
          </reporter-output>
        </test-method> <!-- test7SearchVideoName -->
        <test-method status="PASS" signature="test8OtherAttest()[pri:0, instance:com.testng.testcase.testOneDateAttest@15d9bc04]" name="test8OtherAttest" duration-ms="5472" started-at="2020-08-18T03:26:48Z" finished-at="2020-08-18T03:26:53Z">
          <reporter-output>
          </reporter-output>
        </test-method> <!-- test8OtherAttest -->
        <test-method status="PASS" signature="test9SearchPngName()[pri:0, instance:com.testng.testcase.testOneDateAttest@15d9bc04]" name="test9SearchPngName" duration-ms="2298" started-at="2020-08-18T03:26:53Z" finished-at="2020-08-18T03:26:56Z">
          <reporter-output>
          </reporter-output>
        </test-method> <!-- test9SearchPngName -->
      </class> <!-- com.testng.testcase.testOneDateAttest -->
      <class name="com.testng.testcase.testThreeProcessEvidence">
        <test-method status="PASS" signature="test1SelectSearch()[pri:0, instance:com.testng.testcase.testThreeProcessEvidence@77be656f]" name="test1SelectSearch" duration-ms="1677" started-at="2020-08-18T03:31:38Z" finished-at="2020-08-18T03:31:39Z">
          <reporter-output>
          </reporter-output>
        </test-method> <!-- test1SelectSearch -->
        <test-method status="PASS" signature="test2SelectSearch()[pri:0, instance:com.testng.testcase.testThreeProcessEvidence@77be656f]" name="test2SelectSearch" duration-ms="1338" started-at="2020-08-18T03:31:39Z" finished-at="2020-08-18T03:31:41Z">
          <reporter-output>
          </reporter-output>
        </test-method> <!-- test2SelectSearch -->
        <test-method status="PASS" signature="test3SelectSearch()[pri:0, instance:com.testng.testcase.testThreeProcessEvidence@77be656f]" name="test3SelectSearch" duration-ms="1348" started-at="2020-08-18T03:31:41Z" finished-at="2020-08-18T03:31:42Z">
          <reporter-output>
          </reporter-output>
        </test-method> <!-- test3SelectSearch -->
        <test-method status="PASS" signature="test4SelectSearch()[pri:0, instance:com.testng.testcase.testThreeProcessEvidence@77be656f]" name="test4SelectSearch" duration-ms="1340" started-at="2020-08-18T03:31:42Z" finished-at="2020-08-18T03:31:43Z">
          <reporter-output>
          </reporter-output>
        </test-method> <!-- test4SelectSearch -->
        <test-method status="PASS" signature="test5SelectSearch()[pri:0, instance:com.testng.testcase.testThreeProcessEvidence@77be656f]" name="test5SelectSearch" duration-ms="1440" started-at="2020-08-18T03:31:43Z" finished-at="2020-08-18T03:31:45Z">
          <reporter-output>
          </reporter-output>
        </test-method> <!-- test5SelectSearch -->
        <test-method status="PASS" signature="test6SelectSearch()[pri:0, instance:com.testng.testcase.testThreeProcessEvidence@77be656f]" name="test6SelectSearch" duration-ms="1347" started-at="2020-08-18T03:31:45Z" finished-at="2020-08-18T03:31:46Z">
          <reporter-output>
          </reporter-output>
        </test-method> <!-- test6SelectSearch -->
        <test-method status="FAIL" signature="test7SelectSearch()[pri:0, instance:com.testng.testcase.testThreeProcessEvidence@77be656f]" name="test7SelectSearch" duration-ms="11795" started-at="2020-08-18T03:31:46Z" finished-at="2020-08-18T03:31:58Z">
          <exception class="java.lang.AssertionError">
            <message>
              <![CDATA[expected [共 2 条] but found [共 1 条]]]>
            </message>
            <full-stacktrace>
              <![CDATA[java.lang.AssertionError: expected [共 2 条] but found [共 1 条]
at org.testng.Assert.fail(Assert.java:96)
at org.testng.Assert.failNotEquals(Assert.java:776)
at org.testng.Assert.assertEqualsImpl(Assert.java:137)
at org.testng.Assert.assertEquals(Assert.java:118)
at org.testng.Assert.assertEquals(Assert.java:453)
at org.testng.Assert.assertEquals(Assert.java:463)
at com.testng.testcase.testThreeProcessEvidence.test7SelectSearch(testThreeProcessEvidence.java:210)
at sun.reflect.NativeMethodAccessorImpl.invoke0(Native Method)
at sun.reflect.NativeMethodAccessorImpl.invoke(NativeMethodAccessorImpl.java:62)
at sun.reflect.DelegatingMethodAccessorImpl.invoke(DelegatingMethodAccessorImpl.java:43)
at java.lang.reflect.Method.invoke(Method.java:498)
at org.testng.internal.MethodInvocationHelper.invokeMethod(MethodInvocationHelper.java:124)
at org.testng.internal.Invoker.invokeMethod(Invoker.java:583)
at org.testng.internal.Invoker.invokeTestMethod(Invoker.java:719)
at org.testng.internal.Invoker.invokeTestMethods(Invoker.java:989)
at org.testng.internal.TestMethodWorker.invokeTestMethods(TestMethodWorker.java:125)
at org.testng.internal.TestMethodWorker.run(TestMethodWorker.java:109)
at org.testng.TestRunner.privateRun(TestRunner.java:648)
at org.testng.TestRunner.run(TestRunner.java:505)
at org.testng.SuiteRunner.runTest(SuiteRunner.java:455)
at org.testng.SuiteRunner.runSequentially(SuiteRunner.java:450)
at org.testng.SuiteRunner.privateRun(SuiteRunner.java:415)
at org.testng.SuiteRunner.run(SuiteRunner.java:364)
at org.testng.SuiteRunnerWorker.runSuite(SuiteRunnerWorker.java:52)
at org.testng.SuiteRunnerWorker.run(SuiteRunnerWorker.java:84)
at org.testng.TestNG.runSuitesSequentially(TestNG.java:1208)
at org.testng.TestNG.runSuitesLocally(TestNG.java:1137)
at org.testng.TestNG.runSuites(TestNG.java:1049)
at org.testng.TestNG.run(TestNG.java:1017)
at org.testng.IDEARemoteTestNG.run(IDEARemoteTestNG.java:73)
at org.testng.RemoteTestNGStarter.main(RemoteTestNGStarter.java:123)
]]>
            </full-stacktrace>
          </exception> <!-- java.lang.AssertionError -->
          <reporter-output>
          </reporter-output>
        </test-method> <!-- test7SelectSearch -->
      </class> <!-- com.testng.testcase.testThreeProcessEvidence -->
      <class name="com.testng.testcase.testThreeDateAttest">
        <test-method status="PASS" signature="test1TimeScopeSearch()[pri:0, instance:com.testng.testcase.testThreeDateAttest@516be40f]" name="test1TimeScopeSearch" duration-ms="5861" started-at="2020-08-18T03:27:10Z" finished-at="2020-08-18T03:27:16Z">
          <reporter-output>
          </reporter-output>
        </test-method> <!-- test1TimeScopeSearch -->
        <test-method status="PASS" signature="test2TimeScopeSearch()[pri:0, instance:com.testng.testcase.testThreeDateAttest@516be40f]" name="test2TimeScopeSearch" duration-ms="6526" started-at="2020-08-18T03:27:16Z" finished-at="2020-08-18T03:27:22Z">
          <reporter-output>
          </reporter-output>
        </test-method> <!-- test2TimeScopeSearch -->
        <test-method status="PASS" signature="test3TimeScopeSearch()[pri:0, instance:com.testng.testcase.testThreeDateAttest@516be40f]" name="test3TimeScopeSearch" duration-ms="6459" started-at="2020-08-18T03:27:22Z" finished-at="2020-08-18T03:27:29Z">
          <reporter-output>
          </reporter-output>
        </test-method> <!-- test3TimeScopeSearch -->
        <test-method status="PASS" signature="test4TimeScopeSearch()[pri:0, instance:com.testng.testcase.testThreeDateAttest@516be40f]" name="test4TimeScopeSearch" duration-ms="6455" started-at="2020-08-18T03:27:29Z" finished-at="2020-08-18T03:27:35Z">
          <reporter-output>
          </reporter-output>
        </test-method> <!-- test4TimeScopeSearch -->
        <test-method status="PASS" signature="test5ViewDetails()[pri:0, instance:com.testng.testcase.testThreeDateAttest@516be40f]" name="test5ViewDetails" duration-ms="9783" started-at="2020-08-18T03:27:35Z" finished-at="2020-08-18T03:27:45Z">
          <reporter-output>
          </reporter-output>
        </test-method> <!-- test5ViewDetails -->
        <test-method status="PASS" signature="test6DeleteData()[pri:0, instance:com.testng.testcase.testThreeDateAttest@516be40f]" name="test6DeleteData" duration-ms="6084" started-at="2020-08-18T03:27:45Z" finished-at="2020-08-18T03:27:51Z">
          <reporter-output>
          </reporter-output>
        </test-method> <!-- test6DeleteData -->
      </class> <!-- com.testng.testcase.testThreeDateAttest -->
      <class name="com.testng.testcase.testTwoDataAttest">
        <test-method status="PASS" signature="test1TypeSelect()[pri:0, instance:com.testng.testcase.testTwoDataAttest@473b46c3]" name="test1TypeSelect" duration-ms="4728" started-at="2020-08-18T03:26:56Z" finished-at="2020-08-18T03:27:01Z">
          <reporter-output>
          </reporter-output>
        </test-method> <!-- test1TypeSelect -->
        <test-method status="PASS" signature="test2TypeSelect()[pri:0, instance:com.testng.testcase.testTwoDataAttest@473b46c3]" name="test2TypeSelect" duration-ms="2205" started-at="2020-08-18T03:27:01Z" finished-at="2020-08-18T03:27:03Z">
          <reporter-output>
          </reporter-output>
        </test-method> <!-- test2TypeSelect -->
        <test-method status="PASS" signature="test3TypeSelect()[pri:0, instance:com.testng.testcase.testTwoDataAttest@473b46c3]" name="test3TypeSelect" duration-ms="2207" started-at="2020-08-18T03:27:03Z" finished-at="2020-08-18T03:27:05Z">
          <reporter-output>
          </reporter-output>
        </test-method> <!-- test3TypeSelect -->
        <test-method status="PASS" signature="test4TypeSelect()[pri:0, instance:com.testng.testcase.testTwoDataAttest@473b46c3]" name="test4TypeSelect" duration-ms="2201" started-at="2020-08-18T03:27:05Z" finished-at="2020-08-18T03:27:07Z">
          <reporter-output>
          </reporter-output>
        </test-method> <!-- test4TypeSelect -->
        <test-method status="PASS" signature="test5TypeSelect()[pri:0, instance:com.testng.testcase.testTwoDataAttest@473b46c3]" name="test5TypeSelect" duration-ms="2823" started-at="2020-08-18T03:27:07Z" finished-at="2020-08-18T03:27:10Z">
          <reporter-output>
          </reporter-output>
        </test-method> <!-- test5TypeSelect -->
      </class> <!-- com.testng.testcase.testTwoDataAttest -->
      <class name="com.testng.testcase.testFourProcessEvidence">
        <test-method status="FAIL" signature="test1SelectSearch()[pri:0, instance:com.testng.testcase.testFourProcessEvidence@19dc67c2]" name="test1SelectSearch" duration-ms="948" started-at="2020-08-18T03:31:58Z" finished-at="2020-08-18T03:31:59Z">
          <exception class="java.lang.AssertionError">
            <message>
              <![CDATA[expected [共 1 条] but found [null]]]>
            </message>
            <full-stacktrace>
              <![CDATA[java.lang.AssertionError: expected [共 1 条] but found [null]
at org.testng.Assert.fail(Assert.java:96)
at org.testng.Assert.failNotEquals(Assert.java:776)
at org.testng.Assert.assertEqualsImpl(Assert.java:132)
at org.testng.Assert.assertEquals(Assert.java:118)
at org.testng.Assert.assertEquals(Assert.java:453)
at org.testng.Assert.assertEquals(Assert.java:463)
at com.testng.testcase.testFourProcessEvidence.test1SelectSearch(testFourProcessEvidence.java:52)
at sun.reflect.NativeMethodAccessorImpl.invoke0(Native Method)
at sun.reflect.NativeMethodAccessorImpl.invoke(NativeMethodAccessorImpl.java:62)
at sun.reflect.DelegatingMethodAccessorImpl.invoke(DelegatingMethodAccessorImpl.java:43)
at java.lang.reflect.Method.invoke(Method.java:498)
at org.testng.internal.MethodInvocationHelper.invokeMethod(MethodInvocationHelper.java:124)
at org.testng.internal.Invoker.invokeMethod(Invoker.java:583)
at org.testng.internal.Invoker.invokeTestMethod(Invoker.java:719)
at org.testng.internal.Invoker.invokeTestMethods(Invoker.java:989)
at org.testng.internal.TestMethodWorker.invokeTestMethods(TestMethodWorker.java:125)
at org.testng.internal.TestMethodWorker.run(TestMethodWorker.java:109)
at org.testng.TestRunner.privateRun(TestRunner.java:648)
at org.testng.TestRunner.run(TestRunner.java:505)
at org.testng.SuiteRunner.runTest(SuiteRunner.java:455)
at org.testng.SuiteRunner.runSequentially(SuiteRunner.java:450)
at org.testng.SuiteRunner.privateRun(SuiteRunner.java:415)
at org.testng.SuiteRunner.run(SuiteRunner.java:364)
at org.testng.SuiteRunnerWorker.runSuite(SuiteRunnerWorker.java:52)
at org.testng.SuiteRunnerWorker.run(SuiteRunnerWorker.java:84)
at org.testng.TestNG.runSuitesSequentially(TestNG.java:1208)
at org.testng.TestNG.runSuitesLocally(TestNG.java:1137)
at org.testng.TestNG.runSuites(TestNG.java:1049)
at org.testng.TestNG.run(TestNG.java:1017)
at org.testng.IDEARemoteTestNG.run(IDEARemoteTestNG.java:73)
at org.testng.RemoteTestNGStarter.main(RemoteTestNGStarter.java:123)
]]>
            </full-stacktrace>
          </exception> <!-- java.lang.AssertionError -->
          <reporter-output>
          </reporter-output>
        </test-method> <!-- test1SelectSearch -->
        <test-method status="FAIL" signature="test2SelectSearch()[pri:0, instance:com.testng.testcase.testFourProcessEvidence@19dc67c2]" name="test2SelectSearch" duration-ms="724" started-at="2020-08-18T03:31:59Z" finished-at="2020-08-18T03:32:00Z">
          <exception class="java.lang.AssertionError">
            <message>
              <![CDATA[expected [共 1 条] but found [null]]]>
            </message>
            <full-stacktrace>
              <![CDATA[java.lang.AssertionError: expected [共 1 条] but found [null]
at org.testng.Assert.fail(Assert.java:96)
at org.testng.Assert.failNotEquals(Assert.java:776)
at org.testng.Assert.assertEqualsImpl(Assert.java:132)
at org.testng.Assert.assertEquals(Assert.java:118)
at org.testng.Assert.assertEquals(Assert.java:453)
at org.testng.Assert.assertEquals(Assert.java:463)
at com.testng.testcase.testFourProcessEvidence.test2SelectSearch(testFourProcessEvidence.java:84)
at sun.reflect.NativeMethodAccessorImpl.invoke0(Native Method)
at sun.reflect.NativeMethodAccessorImpl.invoke(NativeMethodAccessorImpl.java:62)
at sun.reflect.DelegatingMethodAccessorImpl.invoke(DelegatingMethodAccessorImpl.java:43)
at java.lang.reflect.Method.invoke(Method.java:498)
at org.testng.internal.MethodInvocationHelper.invokeMethod(MethodInvocationHelper.java:124)
at org.testng.internal.Invoker.invokeMethod(Invoker.java:583)
at org.testng.internal.Invoker.invokeTestMethod(Invoker.java:719)
at org.testng.internal.Invoker.invokeTestMethods(Invoker.java:989)
at org.testng.internal.TestMethodWorker.invokeTestMethods(TestMethodWorker.java:125)
at org.testng.internal.TestMethodWorker.run(TestMethodWorker.java:109)
at org.testng.TestRunner.privateRun(TestRunner.java:648)
at org.testng.TestRunner.run(TestRunner.java:505)
at org.testng.SuiteRunner.runTest(SuiteRunner.java:455)
at org.testng.SuiteRunner.runSequentially(SuiteRunner.java:450)
at org.testng.SuiteRunner.privateRun(SuiteRunner.java:415)
at org.testng.SuiteRunner.run(SuiteRunner.java:364)
at org.testng.SuiteRunnerWorker.runSuite(SuiteRunnerWorker.java:52)
at org.testng.SuiteRunnerWorker.run(SuiteRunnerWorker.java:84)
at org.testng.TestNG.runSuitesSequentially(TestNG.java:1208)
at org.testng.TestNG.runSuitesLocally(TestNG.java:1137)
at org.testng.TestNG.runSuites(TestNG.java:1049)
at org.testng.TestNG.run(TestNG.java:1017)
at org.testng.IDEARemoteTestNG.run(IDEARemoteTestNG.java:73)
at org.testng.RemoteTestNGStarter.main(RemoteTestNGStarter.java:123)
]]>
            </full-stacktrace>
          </exception> <!-- java.lang.AssertionError -->
          <reporter-output>
          </reporter-output>
        </test-method> <!-- test2SelectSearch -->
      </class> <!-- com.testng.testcase.testFourProcessEvidence -->
      <class name="com.testng.testcase.testFourDateAttest">
        <test-method status="PASS" signature="test1BatchAttest()[pri:0, instance:com.testng.testcase.testFourDateAttest@3c0a50da]" name="test1BatchAttest" duration-ms="10456" started-at="2020-08-18T03:27:51Z" finished-at="2020-08-18T03:28:02Z">
          <reporter-output>
          </reporter-output>
        </test-method> <!-- test1BatchAttest -->
        <test-method status="PASS" signature="test3InformationVerification()[pri:0, instance:com.testng.testcase.testFourDateAttest@3c0a50da]" name="test3InformationVerification" duration-ms="581" started-at="2020-08-18T03:28:02Z" finished-at="2020-08-18T03:28:02Z">
          <reporter-output>
          </reporter-output>
        </test-method> <!-- test3InformationVerification -->
        <test-method status="PASS" signature="test4DeleteDatas()[pri:0, instance:com.testng.testcase.testFourDateAttest@3c0a50da]" name="test4DeleteDatas" duration-ms="3483" started-at="2020-08-18T03:28:02Z" finished-at="2020-08-18T03:28:06Z">
          <reporter-output>
          </reporter-output>
        </test-method> <!-- test4DeleteDatas -->
        <test-method status="PASS" signature="test5UpdateDataAttest()[pri:0, instance:com.testng.testcase.testFourDateAttest@3c0a50da]" name="test5UpdateDataAttest" duration-ms="5930" started-at="2020-08-18T03:28:06Z" finished-at="2020-08-18T03:28:12Z">
          <reporter-output>
          </reporter-output>
        </test-method> <!-- test5UpdateDataAttest -->
        <test-method status="PASS" signature="test6PageData()[pri:0, instance:com.testng.testcase.testFourDateAttest@3c0a50da]" name="test6PageData" duration-ms="1844" started-at="2020-08-18T03:28:12Z" finished-at="2020-08-18T03:28:13Z">
          <reporter-output>
          </reporter-output>
        </test-method> <!-- test6PageData -->
      </class> <!-- com.testng.testcase.testFourDateAttest -->
      <class name="com.testng.testcase.testTwoProcessEvidence">
        <test-method status="PASS" signature="test1TimeSearchData()[pri:0, instance:com.testng.testcase.testTwoProcessEvidence@797badd3]" name="test1TimeSearchData" duration-ms="2800" started-at="2020-08-18T03:31:28Z" finished-at="2020-08-18T03:31:31Z">
          <reporter-output>
          </reporter-output>
        </test-method> <!-- test1TimeSearchData -->
        <test-method status="PASS" signature="test2TimeSearchData()[pri:0, instance:com.testng.testcase.testTwoProcessEvidence@797badd3]" name="test2TimeSearchData" duration-ms="2001" started-at="2020-08-18T03:31:31Z" finished-at="2020-08-18T03:31:33Z">
          <reporter-output>
          </reporter-output>
        </test-method> <!-- test2TimeSearchData -->
        <test-method status="PASS" signature="test3TimeSearchData()[pri:0, instance:com.testng.testcase.testTwoProcessEvidence@797badd3]" name="test3TimeSearchData" duration-ms="2133" started-at="2020-08-18T03:31:33Z" finished-at="2020-08-18T03:31:35Z">
          <reporter-output>
          </reporter-output>
        </test-method> <!-- test3TimeSearchData -->
        <test-method status="PASS" signature="test4TimeSearchData()[pri:0, instance:com.testng.testcase.testTwoProcessEvidence@797badd3]" name="test4TimeSearchData" duration-ms="1916" started-at="2020-08-18T03:31:35Z" finished-at="2020-08-18T03:31:37Z">
          <reporter-output>
          </reporter-output>
        </test-method> <!-- test4TimeSearchData -->
        <test-method status="PASS" signature="test5NameSearchData()[pri:0, instance:com.testng.testcase.testTwoProcessEvidence@797badd3]" name="test5NameSearchData" duration-ms="906" started-at="2020-08-18T03:31:37Z" finished-at="2020-08-18T03:31:38Z">
          <reporter-output>
          </reporter-output>
        </test-method> <!-- test5NameSearchData -->
      </class> <!-- com.testng.testcase.testTwoProcessEvidence -->
      <class name="com.testng.testcase.testOneProcessEvidence">
        <test-method status="PASS" signature="test1CancelProcessEvidence()[pri:0, instance:com.testng.testcase.testOneProcessEvidence@646be2c3]" name="test1CancelProcessEvidence" duration-ms="16012" started-at="2020-08-18T03:28:13Z" finished-at="2020-08-18T03:28:29Z">
          <reporter-output>
          </reporter-output>
        </test-method> <!-- test1CancelProcessEvidence -->
        <test-method status="PASS" signature="test2AddProcessEvidence()[pri:0, instance:com.testng.testcase.testOneProcessEvidence@646be2c3]" name="test2AddProcessEvidence" duration-ms="24715" started-at="2020-08-18T03:28:29Z" finished-at="2020-08-18T03:28:54Z">
          <reporter-output>
          </reporter-output>
        </test-method> <!-- test2AddProcessEvidence -->
        <test-method status="PASS" signature="test3CancelQueueProcessEvidence()[pri:0, instance:com.testng.testcase.testOneProcessEvidence@646be2c3]" name="test3CancelQueueProcessEvidence" duration-ms="14268" started-at="2020-08-18T03:28:54Z" finished-at="2020-08-18T03:29:08Z">
          <reporter-output>
          </reporter-output>
        </test-method> <!-- test3CancelQueueProcessEvidence -->
        <test-method status="PASS" signature="test4ProcessEvidenceDetails()[pri:0, instance:com.testng.testcase.testOneProcessEvidence@646be2c3]" name="test4ProcessEvidenceDetails" duration-ms="125538" started-at="2020-08-18T03:29:08Z" finished-at="2020-08-18T03:31:14Z">
          <reporter-output>
          </reporter-output>
        </test-method> <!-- test4ProcessEvidenceDetails -->
        <test-method status="PASS" signature="test5DownloadProcessEnvidence()[pri:0, instance:com.testng.testcase.testOneProcessEvidence@646be2c3]" name="test5DownloadProcessEnvidence" duration-ms="13977" started-at="2020-08-18T03:31:14Z" finished-at="2020-08-18T03:31:28Z">
          <reporter-output>
          </reporter-output>
        </test-method> <!-- test5DownloadProcessEnvidence -->
      </class> <!-- com.testng.testcase.testOneProcessEvidence -->
      <class name="com.testng.testcase.testLogin">
        <test-method status="PASS" signature="ClearData()[pri:0, instance:com.testng.testcase.testLogin@1e9e725a]" name="ClearData" is-config="true" duration-ms="2002" started-at="2020-08-18T03:26:07Z" finished-at="2020-08-18T03:26:09Z">
          <reporter-output>
          </reporter-output>
        </test-method> <!-- ClearData -->
        <test-method status="PASS" signature="startDriver()[pri:0, instance:com.testng.testcase.testLogin@1e9e725a]" name="startDriver" is-config="true" duration-ms="13161" started-at="2020-08-18T03:26:09Z" finished-at="2020-08-18T03:26:22Z">
          <reporter-output>
          </reporter-output>
        </test-method> <!-- startDriver -->
        <test-method status="PASS" signature="loginTest1()[pri:0, instance:com.testng.testcase.testLogin@1e9e725a]" name="loginTest1" duration-ms="2540" started-at="2020-08-18T03:26:22Z" finished-at="2020-08-18T03:26:24Z">
          <reporter-output>
          </reporter-output>
        </test-method> <!-- loginTest1 -->
        <test-method status="PASS" signature="ClearDownLoadFiles()[pri:0, instance:com.testng.testcase.testLogin@1e9e725a]" name="ClearDownLoadFiles" is-config="true" duration-ms="2" started-at="2020-08-18T03:32:00Z" finished-at="2020-08-18T03:32:00Z">
          <reporter-output>
          </reporter-output>
        </test-method> <!-- ClearDownLoadFiles -->
        <test-method status="PASS" signature="endDriver()[pri:0, instance:com.testng.testcase.testLogin@1e9e725a]" name="endDriver" is-config="true" duration-ms="1227" started-at="2020-08-18T03:32:00Z" finished-at="2020-08-18T03:32:01Z">
          <reporter-output>
          </reporter-output>
        </test-method> <!-- endDriver -->
      </class> <!-- com.testng.testcase.testLogin -->
    </test> <!-- BusinessEnvironment  -->
  </suite> <!-- ZhiShiChanQuanPingTai -->
</testng-results>
